app/build/outputs/logs/manifest-merger-debug-report.txt
-- Merging decision tree log ---
manifest
ADDED from src\main\AndroidManifest.xml:1:1-21:12
	package
		ADDED from src\main\AndroidManifest.xml:2:9-51
		INJECTED from src\main\AndroidManifest.xml
		INJECTED from src\main\AndroidManifest.xml
	android:versionCode
		ADDED from src\main\AndroidManifest.xml:3:9-32
		INJECTED from src\main\AndroidManifest.xml
		INJECTED from src\main\AndroidManifest.xml
	xmlns:android
		ADDED from src\main\AndroidManifest.xml:1:11-69
application
ADDED from src\main\AndroidManifest.xml:5:5-20:19
	android:label
		ADDED from src\main\AndroidManifest.xml:5:18-50
service#com.example.android.softkeyboard.SoftKeyboard
ADDED from src\main\AndroidManifest.xml:6:9-12:19
	android:permission
		ADDED from src\main\AndroidManifest.xml:7:17-74
	android:name
		ADDED from src\main\AndroidManifest.xml:6:18-45
intent-filter#android.view.InputMethod
ADDED from src\main\AndroidManifest.xml:8:13-10:29
action#android.view.InputMethod
ADDED from src\main\AndroidManifest.xml:9:17-67
	android:name
		ADDED from src\main\AndroidManifest.xml:9:25-64
meta-data#android.view.im
ADDED from src\main\AndroidManifest.xml:11:13-88
	android:resource
		ADDED from src\main\AndroidManifest.xml:11:55-85
	android:name
		ADDED from src\main\AndroidManifest.xml:11:24-54
activity#com.example.android.softkeyboard.MyImePreferences
ADDED from src\main\AndroidManifest.xml:14:9-18:20
	android:label
		ADDED from src\main\AndroidManifest.xml:14:52-89
	android:name
		ADDED from src\main\AndroidManifest.xml:14:19-51
intent-filter#android.intent.action.MAIN
ADDED from src\main\AndroidManifest.xml:15:13-17:29
action#android.intent.action.MAIN
ADDED from src\main\AndroidManifest.xml:16:17-68
	android:name
		ADDED from src\main\AndroidManifest.xml:16:25-66